Bringing machine 'ldap' up with 'docker' provider...
Bringing machine 'comanage' up with 'docker' provider...
Bringing machine 'proxy' up with 'docker' provider...
Bringing machine 'meta' up with 'docker' provider...
Bringing machine 'lb' up with 'docker' provider...
Bringing machine 'client' up with 'docker' provider...
==> comanage: Image is already built from the Dockerfile. `vagrant reload` to rebuild.
==> client: Image is already built from the Dockerfile. `vagrant reload` to rebuild.
==> lb: Image is already built from the Dockerfile. `vagrant reload` to rebuild.
==> ldap: Image is already built from the Dockerfile. `vagrant reload` to rebuild.
==> comanage: Starting container...
==> proxy: Image is already built from the Dockerfile. `vagrant reload` to rebuild.
==> meta: Image is already built from the Dockerfile. `vagrant reload` to rebuild.
==> lb: Starting container...
==> client: Starting container...
==> ldap: Starting container...
==> comanage: Waiting for machine to boot. This may take a few minutes...
==> meta: Starting container...
==> proxy: Starting container...
==> lb: Waiting for machine to boot. This may take a few minutes...
    comanage: SSH address: 127.0.0.1:2204
    comanage: SSH username: vagrant
    comanage: SSH auth method: private key
==> ldap: Waiting for machine to boot. This may take a few minutes...
==> client: Waiting for machine to boot. This may take a few minutes...
==> proxy: Waiting for machine to boot. This may take a few minutes...
    lb: SSH address: 127.0.0.1:2203
    lb: SSH username: vagrant
    lb: SSH auth method: private key
==> meta: Waiting for machine to boot. This may take a few minutes...
    proxy: SSH address: 127.0.0.1:2200
    proxy: SSH username: vagrant
    proxy: SSH auth method: private key
    ldap: SSH address: 127.0.0.1:2222
    ldap: SSH username: vagrant
    ldap: SSH auth method: private key
    client: SSH address: 127.0.0.1:2201
    client: SSH username: vagrant
    client: SSH auth method: private key
==> comanage: Machine booted and ready!
    meta: SSH address: 127.0.0.1:2202
==> comanage: Running provisioner: file...
    meta: SSH username: vagrant
    meta: SSH auth method: private key
==> lb: Machine booted and ready!
==> lb: Running provisioner: file...
==> ldap: Machine booted and ready!
==> client: Machine booted and ready!
==> ldap: Running provisioner: file...
==> client: Running provisioner: file...
==> proxy: Machine booted and ready!
==> proxy: Running provisioner: file...
==> meta: Machine booted and ready!
==> meta: Running provisioner: file...
==> comanage: Running provisioner: shell...
    comanage: Running: inline script
==> lb: Running provisioner: shell...
==> client: Running provisioner: shell...
==> proxy: Running provisioner: shell...
==> ldap: Running provisioner: shell...
==> meta: Running provisioner: shell...
    lb: Running: inline script
    client: Running: inline script
    ldap: Running: inline script
    proxy: Running: inline script
    meta: Running: inline script
